<?xml version="1.0" encoding="UTF-8"?>
<testsuite name="br.ufpe.cin.if688.minijava.TypeCheckerTest" tests="10" skipped="0" failures="2" errors="0" timestamp="2021-08-27T23:56:27" hostname="guilherme-Aspire-ES1-572" time="0.167">
  <properties/>
  <testcase name="testInput1" classname="br.ufpe.cin.if688.minijava.TypeCheckerTest" time="0.093"/>
  <testcase name="testInput2" classname="br.ufpe.cin.if688.minijava.TypeCheckerTest" time="0.009"/>
  <testcase name="testInput3" classname="br.ufpe.cin.if688.minijava.TypeCheckerTest" time="0.004"/>
  <testcase name="testInput4" classname="br.ufpe.cin.if688.minijava.TypeCheckerTest" time="0.037"/>
  <testcase name="testInput5" classname="br.ufpe.cin.if688.minijava.TypeCheckerTest" time="0.006">
    <failure message="java.lang.AssertionError: unexpected exception type thrown; expected:&lt;br.ufpe.cin.if688.minijava.exceptions.IdNotFoundException&gt; but was:&lt;br.ufpe.cin.if688.minijava.exceptions.UndefinedMethodException&gt;" type="java.lang.AssertionError">java.lang.AssertionError: unexpected exception type thrown; expected:&lt;br.ufpe.cin.if688.minijava.exceptions.IdNotFoundException&gt; but was:&lt;br.ufpe.cin.if688.minijava.exceptions.UndefinedMethodException&gt;
	at org.junit.Assert.assertThrows(Assert.java:1020)
	at org.junit.Assert.assertThrows(Assert.java:981)
	at br.ufpe.cin.if688.minijava.TypeCheckerTest.testInput5(TypeCheckerTest.java:135)
	at java.base/jdk.internal.reflect.NativeMethodAccessorImpl.invoke0(Native Method)
	at java.base/jdk.internal.reflect.NativeMethodAccessorImpl.invoke(NativeMethodAccessorImpl.java:62)
	at java.base/jdk.internal.reflect.DelegatingMethodAccessorImpl.invoke(DelegatingMethodAccessorImpl.java:43)
	at java.base/java.lang.reflect.Method.invoke(Method.java:566)
	at org.junit.runners.model.FrameworkMethod$1.runReflectiveCall(FrameworkMethod.java:59)
	at org.junit.internal.runners.model.ReflectiveCallable.run(ReflectiveCallable.java:12)
	at org.junit.runners.model.FrameworkMethod.invokeExplosively(FrameworkMethod.java:56)
	at org.junit.internal.runners.statements.InvokeMethod.evaluate(InvokeMethod.java:17)
	at org.junit.internal.runners.statements.RunBefores.evaluate(RunBefores.java:26)
	at org.junit.internal.runners.statements.RunAfters.evaluate(RunAfters.java:27)
	at org.junit.runners.ParentRunner$3.evaluate(ParentRunner.java:306)
	at org.junit.runners.BlockJUnit4ClassRunner$1.evaluate(BlockJUnit4ClassRunner.java:100)
	at org.junit.runners.ParentRunner.runLeaf(ParentRunner.java:366)
	at org.junit.runners.BlockJUnit4ClassRunner.runChild(BlockJUnit4ClassRunner.java:103)
	at org.junit.runners.BlockJUnit4ClassRunner.runChild(BlockJUnit4ClassRunner.java:63)
	at org.junit.runners.ParentRunner$4.run(ParentRunner.java:331)
	at org.junit.runners.ParentRunner$1.schedule(ParentRunner.java:79)
	at org.junit.runners.ParentRunner.runChildren(ParentRunner.java:329)
	at org.junit.runners.ParentRunner.access$100(ParentRunner.java:66)
	at org.junit.runners.ParentRunner$2.evaluate(ParentRunner.java:293)
	at org.junit.runners.ParentRunner$3.evaluate(ParentRunner.java:306)
	at org.junit.runners.ParentRunner.run(ParentRunner.java:413)
	at org.gradle.api.internal.tasks.testing.junit.JUnitTestClassExecutor.runTestClass(JUnitTestClassExecutor.java:110)
	at org.gradle.api.internal.tasks.testing.junit.JUnitTestClassExecutor.execute(JUnitTestClassExecutor.java:58)
	at org.gradle.api.internal.tasks.testing.junit.JUnitTestClassExecutor.execute(JUnitTestClassExecutor.java:38)
	at org.gradle.api.internal.tasks.testing.junit.AbstractJUnitTestClassProcessor.processTestClass(AbstractJUnitTestClassProcessor.java:62)
	at org.gradle.api.internal.tasks.testing.SuiteTestClassProcessor.processTestClass(SuiteTestClassProcessor.java:51)
	at java.base/jdk.internal.reflect.NativeMethodAccessorImpl.invoke0(Native Method)
	at java.base/jdk.internal.reflect.NativeMethodAccessorImpl.invoke(NativeMethodAccessorImpl.java:62)
	at java.base/jdk.internal.reflect.DelegatingMethodAccessorImpl.invoke(DelegatingMethodAccessorImpl.java:43)
	at java.base/java.lang.reflect.Method.invoke(Method.java:566)
	at org.gradle.internal.dispatch.ReflectionDispatch.dispatch(ReflectionDispatch.java:36)
	at org.gradle.internal.dispatch.ReflectionDispatch.dispatch(ReflectionDispatch.java:24)
	at org.gradle.internal.dispatch.ContextClassLoaderDispatch.dispatch(ContextClassLoaderDispatch.java:33)
	at org.gradle.internal.dispatch.ProxyDispatchAdapter$DispatchingInvocationHandler.invoke(ProxyDispatchAdapter.java:94)
	at com.sun.proxy.$Proxy2.processTestClass(Unknown Source)
	at org.gradle.api.internal.tasks.testing.worker.TestWorker.processTestClass(TestWorker.java:121)
	at java.base/jdk.internal.reflect.NativeMethodAccessorImpl.invoke0(Native Method)
	at java.base/jdk.internal.reflect.NativeMethodAccessorImpl.invoke(NativeMethodAccessorImpl.java:62)
	at java.base/jdk.internal.reflect.DelegatingMethodAccessorImpl.invoke(DelegatingMethodAccessorImpl.java:43)
	at java.base/java.lang.reflect.Method.invoke(Method.java:566)
	at org.gradle.internal.dispatch.ReflectionDispatch.dispatch(ReflectionDispatch.java:36)
	at org.gradle.internal.dispatch.ReflectionDispatch.dispatch(ReflectionDispatch.java:24)
	at org.gradle.internal.remote.internal.hub.MessageHubBackedObjectConnection$DispatchWrapper.dispatch(MessageHubBackedObjectConnection.java:182)
	at org.gradle.internal.remote.internal.hub.MessageHubBackedObjectConnection$DispatchWrapper.dispatch(MessageHubBackedObjectConnection.java:164)
	at org.gradle.internal.remote.internal.hub.MessageHub$Handler.run(MessageHub.java:414)
	at org.gradle.internal.concurrent.ExecutorPolicy$CatchAndRecordFailures.onExecute(ExecutorPolicy.java:64)
	at org.gradle.internal.concurrent.ManagedExecutorImpl$1.run(ManagedExecutorImpl.java:48)
	at java.base/java.util.concurrent.ThreadPoolExecutor.runWorker(ThreadPoolExecutor.java:1128)
	at java.base/java.util.concurrent.ThreadPoolExecutor$Worker.run(ThreadPoolExecutor.java:628)
	at org.gradle.internal.concurrent.ThreadFactoryImpl$ManagedThreadRunnable.run(ThreadFactoryImpl.java:56)
	at java.base/java.lang.Thread.run(Thread.java:829)
Caused by: br.ufpe.cin.if688.minijava.exceptions.UndefinedMethodException: Method teleport not defined in class Ball
	at br.ufpe.cin.if688.minijava.symboltable.SymbolTable.getMethod(SymbolTable.java:81)
	at br.ufpe.cin.if688.minijava.visitor.TypeCheckVisitor.visit(TypeCheckVisitor.java:263)
	at br.ufpe.cin.if688.minijava.visitor.TypeCheckVisitor.visit(TypeCheckVisitor.java:11)
	at br.ufpe.cin.if688.minijava.ast.Call.accept(Call.java:18)
	at br.ufpe.cin.if688.minijava.visitor.TypeCheckVisitor.visit(TypeCheckVisitor.java:160)
	at br.ufpe.cin.if688.minijava.visitor.TypeCheckVisitor.visit(TypeCheckVisitor.java:11)
	at br.ufpe.cin.if688.minijava.ast.Print.accept(Print.java:14)
	at br.ufpe.cin.if688.minijava.visitor.TypeCheckVisitor.visit(TypeCheckVisitor.java:41)
	at br.ufpe.cin.if688.minijava.visitor.TypeCheckVisitor.visit(TypeCheckVisitor.java:11)
	at br.ufpe.cin.if688.minijava.ast.MainClass.accept(MainClass.java:16)
	at br.ufpe.cin.if688.minijava.visitor.TypeCheckVisitor.visit(TypeCheckVisitor.java:29)
	at br.ufpe.cin.if688.minijava.TypeCheckerTest.typeCheck(TypeCheckerTest.java:197)
	at br.ufpe.cin.if688.minijava.TypeCheckerTest.lambda$testInput5$3(TypeCheckerTest.java:136)
	at org.junit.Assert.assertThrows(Assert.java:1001)
	... 54 more
</failure>
  </testcase>
  <testcase name="testInput6" classname="br.ufpe.cin.if688.minijava.TypeCheckerTest" time="0.003">
    <failure message="java.lang.AssertionError: unexpected exception type thrown; expected:&lt;br.ufpe.cin.if688.minijava.exceptions.IdNotFoundException&gt; but was:&lt;java.lang.NullPointerException&gt;" type="java.lang.AssertionError">java.lang.AssertionError: unexpected exception type thrown; expected:&lt;br.ufpe.cin.if688.minijava.exceptions.IdNotFoundException&gt; but was:&lt;java.lang.NullPointerException&gt;
	at org.junit.Assert.assertThrows(Assert.java:1020)
	at org.junit.Assert.assertThrows(Assert.java:981)
	at br.ufpe.cin.if688.minijava.TypeCheckerTest.testInput6(TypeCheckerTest.java:149)
	at java.base/jdk.internal.reflect.NativeMethodAccessorImpl.invoke0(Native Method)
	at java.base/jdk.internal.reflect.NativeMethodAccessorImpl.invoke(NativeMethodAccessorImpl.java:62)
	at java.base/jdk.internal.reflect.DelegatingMethodAccessorImpl.invoke(DelegatingMethodAccessorImpl.java:43)
	at java.base/java.lang.reflect.Method.invoke(Method.java:566)
	at org.junit.runners.model.FrameworkMethod$1.runReflectiveCall(FrameworkMethod.java:59)
	at org.junit.internal.runners.model.ReflectiveCallable.run(ReflectiveCallable.java:12)
	at org.junit.runners.model.FrameworkMethod.invokeExplosively(FrameworkMethod.java:56)
	at org.junit.internal.runners.statements.InvokeMethod.evaluate(InvokeMethod.java:17)
	at org.junit.internal.runners.statements.RunBefores.evaluate(RunBefores.java:26)
	at org.junit.internal.runners.statements.RunAfters.evaluate(RunAfters.java:27)
	at org.junit.runners.ParentRunner$3.evaluate(ParentRunner.java:306)
	at org.junit.runners.BlockJUnit4ClassRunner$1.evaluate(BlockJUnit4ClassRunner.java:100)
	at org.junit.runners.ParentRunner.runLeaf(ParentRunner.java:366)
	at org.junit.runners.BlockJUnit4ClassRunner.runChild(BlockJUnit4ClassRunner.java:103)
	at org.junit.runners.BlockJUnit4ClassRunner.runChild(BlockJUnit4ClassRunner.java:63)
	at org.junit.runners.ParentRunner$4.run(ParentRunner.java:331)
	at org.junit.runners.ParentRunner$1.schedule(ParentRunner.java:79)
	at org.junit.runners.ParentRunner.runChildren(ParentRunner.java:329)
	at org.junit.runners.ParentRunner.access$100(ParentRunner.java:66)
	at org.junit.runners.ParentRunner$2.evaluate(ParentRunner.java:293)
	at org.junit.runners.ParentRunner$3.evaluate(ParentRunner.java:306)
	at org.junit.runners.ParentRunner.run(ParentRunner.java:413)
	at org.gradle.api.internal.tasks.testing.junit.JUnitTestClassExecutor.runTestClass(JUnitTestClassExecutor.java:110)
	at org.gradle.api.internal.tasks.testing.junit.JUnitTestClassExecutor.execute(JUnitTestClassExecutor.java:58)
	at org.gradle.api.internal.tasks.testing.junit.JUnitTestClassExecutor.execute(JUnitTestClassExecutor.java:38)
	at org.gradle.api.internal.tasks.testing.junit.AbstractJUnitTestClassProcessor.processTestClass(AbstractJUnitTestClassProcessor.java:62)
	at org.gradle.api.internal.tasks.testing.SuiteTestClassProcessor.processTestClass(SuiteTestClassProcessor.java:51)
	at java.base/jdk.internal.reflect.NativeMethodAccessorImpl.invoke0(Native Method)
	at java.base/jdk.internal.reflect.NativeMethodAccessorImpl.invoke(NativeMethodAccessorImpl.java:62)
	at java.base/jdk.internal.reflect.DelegatingMethodAccessorImpl.invoke(DelegatingMethodAccessorImpl.java:43)
	at java.base/java.lang.reflect.Method.invoke(Method.java:566)
	at org.gradle.internal.dispatch.ReflectionDispatch.dispatch(ReflectionDispatch.java:36)
	at org.gradle.internal.dispatch.ReflectionDispatch.dispatch(ReflectionDispatch.java:24)
	at org.gradle.internal.dispatch.ContextClassLoaderDispatch.dispatch(ContextClassLoaderDispatch.java:33)
	at org.gradle.internal.dispatch.ProxyDispatchAdapter$DispatchingInvocationHandler.invoke(ProxyDispatchAdapter.java:94)
	at com.sun.proxy.$Proxy2.processTestClass(Unknown Source)
	at org.gradle.api.internal.tasks.testing.worker.TestWorker.processTestClass(TestWorker.java:121)
	at java.base/jdk.internal.reflect.NativeMethodAccessorImpl.invoke0(Native Method)
	at java.base/jdk.internal.reflect.NativeMethodAccessorImpl.invoke(NativeMethodAccessorImpl.java:62)
	at java.base/jdk.internal.reflect.DelegatingMethodAccessorImpl.invoke(DelegatingMethodAccessorImpl.java:43)
	at java.base/java.lang.reflect.Method.invoke(Method.java:566)
	at org.gradle.internal.dispatch.ReflectionDispatch.dispatch(ReflectionDispatch.java:36)
	at org.gradle.internal.dispatch.ReflectionDispatch.dispatch(ReflectionDispatch.java:24)
	at org.gradle.internal.remote.internal.hub.MessageHubBackedObjectConnection$DispatchWrapper.dispatch(MessageHubBackedObjectConnection.java:182)
	at org.gradle.internal.remote.internal.hub.MessageHubBackedObjectConnection$DispatchWrapper.dispatch(MessageHubBackedObjectConnection.java:164)
	at org.gradle.internal.remote.internal.hub.MessageHub$Handler.run(MessageHub.java:414)
	at org.gradle.internal.concurrent.ExecutorPolicy$CatchAndRecordFailures.onExecute(ExecutorPolicy.java:64)
	at org.gradle.internal.concurrent.ManagedExecutorImpl$1.run(ManagedExecutorImpl.java:48)
	at java.base/java.util.concurrent.ThreadPoolExecutor.runWorker(ThreadPoolExecutor.java:1128)
	at java.base/java.util.concurrent.ThreadPoolExecutor$Worker.run(ThreadPoolExecutor.java:628)
	at org.gradle.internal.concurrent.ThreadFactoryImpl$ManagedThreadRunnable.run(ThreadFactoryImpl.java:56)
	at java.base/java.lang.Thread.run(Thread.java:829)
Caused by: java.lang.NullPointerException
	at br.ufpe.cin.if688.minijava.visitor.TypeCheckVisitor.visit(TypeCheckVisitor.java:333)
	at br.ufpe.cin.if688.minijava.visitor.TypeCheckVisitor.visit(TypeCheckVisitor.java:11)
	at br.ufpe.cin.if688.minijava.ast.Identifier.accept(Identifier.java:13)
	at br.ufpe.cin.if688.minijava.visitor.TypeCheckVisitor.visit(TypeCheckVisitor.java:64)
	at br.ufpe.cin.if688.minijava.visitor.TypeCheckVisitor.visit(TypeCheckVisitor.java:11)
	at br.ufpe.cin.if688.minijava.ast.ClassDeclExtends.accept(ClassDeclExtends.java:21)
	at br.ufpe.cin.if688.minijava.visitor.TypeCheckVisitor.visit(TypeCheckVisitor.java:31)
	at br.ufpe.cin.if688.minijava.TypeCheckerTest.typeCheck(TypeCheckerTest.java:197)
	at br.ufpe.cin.if688.minijava.TypeCheckerTest.lambda$testInput6$4(TypeCheckerTest.java:149)
	at org.junit.Assert.assertThrows(Assert.java:1001)
	... 54 more
</failure>
  </testcase>
  <testcase name="testInput7" classname="br.ufpe.cin.if688.minijava.TypeCheckerTest" time="0.004"/>
  <testcase name="testInput8" classname="br.ufpe.cin.if688.minijava.TypeCheckerTest" time="0.003"/>
  <testcase name="testInput9" classname="br.ufpe.cin.if688.minijava.TypeCheckerTest" time="0.002"/>
  <testcase name="testInput10" classname="br.ufpe.cin.if688.minijava.TypeCheckerTest" time="0.003"/>
  <system-out><![CDATA[]]></system-out>
  <system-err><![CDATA[]]></system-err>
</testsuite>
